At	time	x	process y	state		arr	w	total	z	remain	y	wait	k
At	time	2	process	1	started		arr	2	total	10	remain	10	wait	0
At	time	4	process	1	stopped		arr	2	total	10	remain	8	wait	0
At	time	4	process	2	started		arr	4	total	4	remain	4	wait	0
At	time	6	process	2	stopped		arr	4	total	4	remain	2	wait	0
At	time	6	process	3	started		arr	5	total	1	remain	1	wait	1
At	time	7	process	3	finished	arr	5	total	1	remain	0	wait	1	TA	2	WTA	2.00
At	time	7	process	2	resumed		arr	4	total	4	remain	2	wait	1
At	time	9	process	2	finished	arr	4	total	4	remain	0	wait	1	TA	5	WTA	1.25
At	time	9	process	1	resumed		arr	2	total	10	remain	8	wait	5
At	time	11	process	1	stopped		arr	2	total	10	remain	6	wait	5
At	time	11	process	1	resumed		arr	2	total	10	remain	6	wait	5
At	time	13	process	1	stopped		arr	2	total	10	remain	4	wait	5
At	time	13	process	1	resumed		arr	2	total	10	remain	4	wait	5
At	time	15	process	1	stopped		arr	2	total	10	remain	2	wait	5
At	time	15	process	1	resumed		arr	2	total	10	remain	2	wait	5
At	time	17	process	1	finished	arr	2	total	10	remain	0	wait	5	TA	15	WTA	1.50
At	time	17	process	4	started		arr	17	total	20	remain	20	wait	0
At	time	19	process	4	stopped		arr	17	total	20	remain	18	wait	0
At	time	19	process	4	resumed		arr	17	total	20	remain	18	wait	0
At	time	21	process	4	stopped		arr	17	total	20	remain	16	wait	0
At	time	21	process	4	resumed		arr	17	total	20	remain	16	wait	0
At	time	23	process	4	stopped		arr	17	total	20	remain	14	wait	0
At	time	23	process	4	resumed		arr	17	total	20	remain	14	wait	0
At	time	25	process	4	stopped		arr	17	total	20	remain	12	wait	0
At	time	25	process	4	resumed		arr	17	total	20	remain	12	wait	0
At	time	27	process	4	stopped		arr	17	total	20	remain	10	wait	0
At	time	27	process	4	resumed		arr	17	total	20	remain	10	wait	0
At	time	29	process	4	stopped		arr	17	total	20	remain	8	wait	0
At	time	29	process	4	resumed		arr	17	total	20	remain	8	wait	0
At	time	31	process	4	stopped		arr	17	total	20	remain	6	wait	0
At	time	31	process	4	resumed		arr	17	total	20	remain	6	wait	0
At	time	33	process	4	stopped		arr	17	total	20	remain	4	wait	0
At	time	33	process	4	resumed		arr	17	total	20	remain	4	wait	0
At	time	35	process	4	stopped		arr	17	total	20	remain	2	wait	0
At	time	35	process	4	resumed		arr	17	total	20	remain	2	wait	0
At	time	37	process	4	finished	arr	17	total	20	remain	0	wait	0	TA	20	WTA	1.00
At	time	40	process	5	started		arr	40	total	10	remain	10	wait	0
At	time	42	process	5	stopped		arr	40	total	10	remain	8	wait	0
At	time	42	process	6	started		arr	42	total	5	remain	5	wait	0
At	time	44	process	6	stopped		arr	42	total	5	remain	3	wait	0
At	time	44	process	5	resumed		arr	40	total	10	remain	8	wait	2
At	time	46	process	5	stopped		arr	40	total	10	remain	6	wait	2
At	time	46	process	6	resumed		arr	42	total	5	remain	3	wait	2
At	time	48	process	6	stopped		arr	42	total	5	remain	1	wait	2
At	time	48	process	5	resumed		arr	40	total	10	remain	6	wait	4
At	time	50	process	5	stopped		arr	40	total	10	remain	4	wait	4
At	time	50	process	6	resumed		arr	42	total	5	remain	1	wait	4
At	time	52	process	6	finished	arr	42	total	5	remain	0	wait	4	TA	10	WTA	2.00
At	time	52	process	5	resumed		arr	40	total	10	remain	4	wait	6
At	time	54	process	5	stopped		arr	40	total	10	remain	2	wait	6
At	time	54	process	5	resumed		arr	40	total	10	remain	2	wait	6
At	time	56	process	5	finished	arr	40	total	10	remain	0	wait	6	TA	16	WTA	1.60
